<?xml version="1.0" encoding="UTF-8"?>
<testng-results ignored="0" total="8" passed="8" failed="0" skipped="0">
  <reporter-output>
  </reporter-output>
  <suite started-at="2023-12-26T00:57:34 IST" name="Default suite" finished-at="2023-12-26T01:00:05 IST" duration-ms="150269">
    <groups>
      <group name="cucumber">
        <method signature="AbstractTestNGCucumberTests.runScenario(io.cucumber.testng.PickleWrapper,io.cucumber.testng.FeatureWrapper)[pri:0, instance:CucumberRunnerPage.CucumberRunner@515c6049]" name="runScenario" class="io.cucumber.testng.AbstractTestNGCucumberTests"/>
      </group> <!-- cucumber -->
    </groups>
    <test started-at="2023-12-26T00:57:34 IST" name="Default test" finished-at="2023-12-26T01:00:05 IST" duration-ms="150269">
      <class name="CucumberRunnerPage.CucumberRunner">
        <test-method is-config="true" signature="setUpClass(org.testng.ITestContext)[pri:0, instance:CucumberRunnerPage.CucumberRunner@515c6049]" started-at="2023-12-26T00:57:34 IST" name="setUpClass" finished-at="2023-12-26T00:57:35 IST" duration-ms="472" status="PASS">
          <params>
            <param index="0">
              <value>
                <![CDATA[org.testng.TestRunner@7d97e06c]]>
              </value>
            </param>
          </params>
          <reporter-output>
          </reporter-output>
        </test-method> <!-- setUpClass -->
        <test-method signature="runScenario(io.cucumber.testng.PickleWrapper,io.cucumber.testng.FeatureWrapper)[pri:0, instance:CucumberRunnerPage.CucumberRunner@515c6049]" started-at="2023-12-26T00:57:35 IST" name="runScenario" description="Runs Cucumber Scenarios" data-provider="scenarios" finished-at="2023-12-26T00:57:56 IST" duration-ms="20957" status="PASS">
          <params>
            <param index="0">
              <value>
                <![CDATA["Open Widgets Items"]]>
              </value>
            </param>
            <param index="1">
              <value>
                <![CDATA["Demo QA Tiles"]]>
              </value>
            </param>
          </params>
          <reporter-output>
          </reporter-output>
        </test-method> <!-- runScenario -->
        <test-method signature="runScenario(io.cucumber.testng.PickleWrapper,io.cucumber.testng.FeatureWrapper)[pri:0, instance:CucumberRunnerPage.CucumberRunner@515c6049]" started-at="2023-12-26T00:57:56 IST" name="runScenario" description="Runs Cucumber Scenarios" data-provider="scenarios" finished-at="2023-12-26T00:58:14 IST" duration-ms="17862" status="PASS">
          <params>
            <param index="0">
              <value>
                <![CDATA["Open Widgets Items"]]>
              </value>
            </param>
            <param index="1">
              <value>
                <![CDATA["Demo QA Tiles"]]>
              </value>
            </param>
          </params>
          <reporter-output>
          </reporter-output>
        </test-method> <!-- runScenario -->
        <test-method signature="runScenario(io.cucumber.testng.PickleWrapper,io.cucumber.testng.FeatureWrapper)[pri:0, instance:CucumberRunnerPage.CucumberRunner@515c6049]" started-at="2023-12-26T00:58:14 IST" name="runScenario" description="Runs Cucumber Scenarios" data-provider="scenarios" finished-at="2023-12-26T00:58:37 IST" duration-ms="23399" status="PASS">
          <params>
            <param index="0">
              <value>
                <![CDATA["Open Widgets Items"]]>
              </value>
            </param>
            <param index="1">
              <value>
                <![CDATA["Demo QA Tiles"]]>
              </value>
            </param>
          </params>
          <reporter-output>
          </reporter-output>
        </test-method> <!-- runScenario -->
        <test-method signature="runScenario(io.cucumber.testng.PickleWrapper,io.cucumber.testng.FeatureWrapper)[pri:0, instance:CucumberRunnerPage.CucumberRunner@515c6049]" started-at="2023-12-26T00:58:37 IST" name="runScenario" description="Runs Cucumber Scenarios" data-provider="scenarios" finished-at="2023-12-26T00:58:55 IST" duration-ms="18299" status="PASS">
          <params>
            <param index="0">
              <value>
                <![CDATA["Open Widgets Items"]]>
              </value>
            </param>
            <param index="1">
              <value>
                <![CDATA["Demo QA Tiles"]]>
              </value>
            </param>
          </params>
          <reporter-output>
          </reporter-output>
        </test-method> <!-- runScenario -->
        <test-method signature="runScenario(io.cucumber.testng.PickleWrapper,io.cucumber.testng.FeatureWrapper)[pri:0, instance:CucumberRunnerPage.CucumberRunner@515c6049]" started-at="2023-12-26T00:58:55 IST" name="runScenario" description="Runs Cucumber Scenarios" data-provider="scenarios" finished-at="2023-12-26T00:59:14 IST" duration-ms="18219" status="PASS">
          <params>
            <param index="0">
              <value>
                <![CDATA["Open Widgets Items"]]>
              </value>
            </param>
            <param index="1">
              <value>
                <![CDATA["Demo QA Tiles"]]>
              </value>
            </param>
          </params>
          <reporter-output>
          </reporter-output>
        </test-method> <!-- runScenario -->
        <test-method signature="runScenario(io.cucumber.testng.PickleWrapper,io.cucumber.testng.FeatureWrapper)[pri:0, instance:CucumberRunnerPage.CucumberRunner@515c6049]" started-at="2023-12-26T00:59:14 IST" name="runScenario" description="Runs Cucumber Scenarios" data-provider="scenarios" finished-at="2023-12-26T00:59:30 IST" duration-ms="16801" status="PASS">
          <params>
            <param index="0">
              <value>
                <![CDATA["Open Widgets Items"]]>
              </value>
            </param>
            <param index="1">
              <value>
                <![CDATA["Demo QA Tiles"]]>
              </value>
            </param>
          </params>
          <reporter-output>
          </reporter-output>
        </test-method> <!-- runScenario -->
        <test-method signature="runScenario(io.cucumber.testng.PickleWrapper,io.cucumber.testng.FeatureWrapper)[pri:0, instance:CucumberRunnerPage.CucumberRunner@515c6049]" started-at="2023-12-26T00:59:30 IST" name="runScenario" description="Runs Cucumber Scenarios" data-provider="scenarios" finished-at="2023-12-26T00:59:48 IST" duration-ms="17818" status="PASS">
          <params>
            <param index="0">
              <value>
                <![CDATA["Open Widgets Items"]]>
              </value>
            </param>
            <param index="1">
              <value>
                <![CDATA["Demo QA Tiles"]]>
              </value>
            </param>
          </params>
          <reporter-output>
          </reporter-output>
        </test-method> <!-- runScenario -->
        <test-method signature="runScenario(io.cucumber.testng.PickleWrapper,io.cucumber.testng.FeatureWrapper)[pri:0, instance:CucumberRunnerPage.CucumberRunner@515c6049]" started-at="2023-12-26T00:59:48 IST" name="runScenario" description="Runs Cucumber Scenarios" data-provider="scenarios" finished-at="2023-12-26T01:00:05 IST" duration-ms="16317" status="PASS">
          <params>
            <param index="0">
              <value>
                <![CDATA["Open Widgets Items"]]>
              </value>
            </param>
            <param index="1">
              <value>
                <![CDATA["Demo QA Tiles"]]>
              </value>
            </param>
          </params>
          <reporter-output>
          </reporter-output>
        </test-method> <!-- runScenario -->
        <test-method is-config="true" signature="tearDownClass()[pri:0, instance:CucumberRunnerPage.CucumberRunner@515c6049]" started-at="2023-12-26T01:00:05 IST" name="tearDownClass" finished-at="2023-12-26T01:00:05 IST" duration-ms="6" status="PASS">
          <reporter-output>
          </reporter-output>
        </test-method> <!-- tearDownClass -->
      </class> <!-- CucumberRunnerPage.CucumberRunner -->
    </test> <!-- Default test -->
  </suite> <!-- Default suite -->
</testng-results>
