<?xml version="1.0" encoding="UTF-8"?>
<testng-results ignored="0" total="1" passed="1" failed="0" skipped="0">
  <reporter-output>
  </reporter-output>
  <suite started-at="2023-12-10T20:25:37 IST" name="Default suite" finished-at="2023-12-10T20:26:52 IST" duration-ms="75010">
    <groups>
      <group name="cucumber">
        <method signature="AbstractTestNGCucumberTests.runScenario(io.cucumber.testng.PickleWrapper,io.cucumber.testng.FeatureWrapper)[pri:0, instance:CucumberRunnerPage.CucumberRunner@515c6049]" name="runScenario" class="io.cucumber.testng.AbstractTestNGCucumberTests"/>
      </group> <!-- cucumber -->
    </groups>
    <test started-at="2023-12-10T20:25:37 IST" name="Default test" finished-at="2023-12-10T20:26:52 IST" duration-ms="75010">
      <class name="CucumberRunnerPage.CucumberRunner">
        <test-method is-config="true" signature="setUpClass(org.testng.ITestContext)[pri:0, instance:CucumberRunnerPage.CucumberRunner@515c6049]" started-at="2023-12-10T20:25:37 IST" name="setUpClass" finished-at="2023-12-10T20:25:37 IST" duration-ms="443" status="PASS">
          <params>
            <param index="0">
              <value>
                <![CDATA[org.testng.TestRunner@4554de02]]>
              </value>
            </param>
          </params>
          <reporter-output>
          </reporter-output>
        </test-method> <!-- setUpClass -->
        <test-method signature="runScenario(io.cucumber.testng.PickleWrapper,io.cucumber.testng.FeatureWrapper)[pri:0, instance:CucumberRunnerPage.CucumberRunner@515c6049]" started-at="2023-12-10T20:25:38 IST" name="runScenario" description="Runs Cucumber Scenarios" data-provider="scenarios" finished-at="2023-12-10T20:26:52 IST" duration-ms="74446" status="PASS">
          <params>
            <param index="0">
              <value>
                <![CDATA["CheckBox"]]>
              </value>
            </param>
            <param index="1">
              <value>
                <![CDATA["Demo QA Tiles"]]>
              </value>
            </param>
          </params>
          <reporter-output>
          </reporter-output>
        </test-method> <!-- runScenario -->
        <test-method is-config="true" signature="tearDownClass()[pri:0, instance:CucumberRunnerPage.CucumberRunner@515c6049]" started-at="2023-12-10T20:26:52 IST" name="tearDownClass" finished-at="2023-12-10T20:26:52 IST" duration-ms="3" status="PASS">
          <reporter-output>
          </reporter-output>
        </test-method> <!-- tearDownClass -->
      </class> <!-- CucumberRunnerPage.CucumberRunner -->
    </test> <!-- Default test -->
  </suite> <!-- Default suite -->
</testng-results>
